<?xml version="1.0" encoding="UTF-8"?>
<testsuite xmlns:xsi="http://www.w3.org/2001/XMLSchema-instance" xsi:noNamespaceSchemaLocation="https://maven.apache.org/surefire/maven-surefire-plugin/xsd/surefire-test-report-3.0.xsd" version="3.0" name="com.ecse429.CucumberTest" time="2.768" tests="20" errors="0" skipped="0" failures="0">
  <properties>
[...]
</properties>
  <testcase name="Example #1.1" classname="Examples" time="0.415">
    <system-out><![CDATA[
Scenario Outline: Create a valid todo (Normal Flow)                        &amp#27;[90m# features/create_todo.feature:16&amp#27;[0m
  &amp#27;[32mGiven &amp#27;[0m&amp#27;[32mthe todo service is running&amp#27;[0m                                        &amp#27;[90m# com.ecse429.steps.TodoSteps.serviceRunning()&amp#27;[0m
  &amp#27;[32mWhen &amp#27;[0m&amp#27;[32mI create a todo with title &amp#27;[0m&amp#27;[32m&amp#27;[1m"Buy milk"&amp#27;[0m&amp#27;[32m and description &amp#27;[0m&amp#27;[32m&amp#27;[1m"Need 2% fat"&amp#27;[0m &amp#27;[90m# com.ecse429.steps.TodoSteps.createTodo(java.lang.String,java.lang.String)&amp#27;[0m
  &amp#27;[32mThen &amp#27;[0m&amp#27;[32mthe response status code should be &amp#27;[0m&amp#27;[32m&amp#27;[1m201&amp#27;[0m                              &amp#27;[90m# com.ecse429.steps.TodoSteps.verifyStatusCode(int)&amp#27;[0m
  &amp#27;[32mAnd &amp#27;[0m&amp#27;[32mthe response should contain title &amp#27;[0m&amp#27;[32m&amp#27;[1m"Buy milk"&amp#27;[0m                         &amp#27;[90m# com.ecse429.steps.TodoSteps.verifyTitle(java.lang.String)&amp#27;[0m
  &amp#27;[32mAnd &amp#27;[0m&amp#27;[32mthe todo should exist in the system&amp#27;[0m                                  &amp#27;[90m# com.ecse429.steps.TodoSteps.todoShouldExistInSystem()&amp#27;[0m
]]></system-out>
  </testcase>
  <testcase name="Example #1.1" classname="Examples" time="0.058">
    <system-out><![CDATA[
Scenario Outline: Create a todo with XML (Alternate Flow)          &amp#27;[90m# features/create_todo.feature:27&amp#27;[0m
  &amp#27;[32mGiven &amp#27;[0m&amp#27;[32mthe todo service is running&amp#27;[0m                                &amp#27;[90m# com.ecse429.steps.TodoSteps.serviceRunning()&amp#27;[0m
  &amp#27;[32mWhen &amp#27;[0m&amp#27;[32mI create a todo with title &amp#27;[0m&amp#27;[32m&amp#27;[1m"Submit Report"&amp#27;[0m&amp#27;[32m using XML format&amp#27;[0m &amp#27;[90m# com.ecse429.steps.TodoSteps.createTodoXml(java.lang.String)&amp#27;[0m
  &amp#27;[32mThen &amp#27;[0m&amp#27;[32mthe response status code should be &amp#27;[0m&amp#27;[32m&amp#27;[1m201&amp#27;[0m                      &amp#27;[90m# com.ecse429.steps.TodoSteps.verifyStatusCode(int)&amp#27;[0m
  &amp#27;[32mAnd &amp#27;[0m&amp#27;[32mthe response should contain title &amp#27;[0m&amp#27;[32m&amp#27;[1m"Submit Report"&amp#27;[0m            &amp#27;[90m# com.ecse429.steps.TodoSteps.verifyTitle(java.lang.String)&amp#27;[0m
]]></system-out>
  </testcase>
  <testcase name="Example #1.1" classname="Examples" time="0.088">
    <system-out><![CDATA[
Scenario Outline: Create a todo with invalid data (Error Flow)                       &amp#27;[90m# features/create_todo.feature:37&amp#27;[0m
  &amp#27;[32mGiven &amp#27;[0m&amp#27;[32mthe todo service is running&amp#27;[0m                                                  &amp#27;[90m# com.ecse429.steps.TodoSteps.serviceRunning()&amp#27;[0m
  &amp#27;[32mWhen &amp#27;[0m&amp#27;[32mI attempt to create a todo with no title and only description &amp#27;[0m&amp#27;[32m&amp#27;[1m"Missing Title"&amp#27;[0m &amp#27;[90m# com.ecse429.steps.TodoSteps.createTodoNoTitle(java.lang.String)&amp#27;[0m
  &amp#27;[32mThen &amp#27;[0m&amp#27;[32mthe response status code should be &amp#27;[0m&amp#27;[32m&amp#27;[1m400&amp#27;[0m                                        &amp#27;[90m# com.ecse429.steps.TodoSteps.verifyStatusCode(int)&amp#27;[0m
  &amp#27;[32mAnd &amp#27;[0m&amp#27;[32mthe response should contain error message &amp#27;[0m&amp#27;[32m&amp#27;[1m"title : field is mandatory"&amp#27;[0m         &amp#27;[90m# com.ecse429.steps.TodoSteps.verifyError(java.lang.String)&amp#27;[0m
]]></system-out>
  </testcase>
  <testcase name="Example #1.1" classname="Examples" time="0.087">
    <system-out><![CDATA[
Scenario Outline: Delete a todo (Normal Flow)     &amp#27;[90m# features/delete_todo.feature:18&amp#27;[0m
  &amp#27;[32mGiven &amp#27;[0m&amp#27;[32mthe todo service is running&amp#27;[0m               &amp#27;[90m# com.ecse429.steps.TodoSteps.serviceRunning()&amp#27;[0m
  &amp#27;[32mAnd &amp#27;[0m&amp#27;[32mthe following todos exist in the system:&amp#27;[0m    &amp#27;[90m# com.ecse429.steps.TodoSteps.createExistingTodos(io.cucumber.datatable.DataTable)&amp#27;[0m
    | title     |
    | Temp Task |
  &amp#27;[32mWhen &amp#27;[0m&amp#27;[32mI delete the todo with title &amp#27;[0m&amp#27;[32m&amp#27;[1m"Temp Task"&amp#27;[0m   &amp#27;[90m# com.ecse429.steps.TodoSteps.deleteByTitle(java.lang.String)&amp#27;[0m
  &amp#27;[32mThen &amp#27;[0m&amp#27;[32mthe response status code should be &amp#27;[0m&amp#27;[32m&amp#27;[1m200&amp#27;[0m     &amp#27;[90m# com.ecse429.steps.TodoSteps.verifyStatusCode(int)&amp#27;[0m
  &amp#27;[32mAnd &amp#27;[0m&amp#27;[32mthe todo &amp#27;[0m&amp#27;[32m&amp#27;[1m"Temp Task"&amp#27;[0m&amp#27;[32m should no longer exist&amp#27;[0m &amp#27;[90m# com.ecse429.steps.TodoSteps.todoShouldNoLongerExist(java.lang.String)&amp#27;[0m
]]></system-out>
  </testcase>
  <testcase name="Example #1.1" classname="Examples" time="0.069">
    <system-out><![CDATA[
Scenario Outline: Delete the same todo twice (Alternate Flow) &amp#27;[90m# features/delete_todo.feature:28&amp#27;[0m
  &amp#27;[32mGiven &amp#27;[0m&amp#27;[32mthe todo service is running&amp#27;[0m                           &amp#27;[90m# com.ecse429.steps.TodoSteps.serviceRunning()&amp#27;[0m
  &amp#27;[32mAnd &amp#27;[0m&amp#27;[32mthe following todos exist in the system:&amp#27;[0m                &amp#27;[90m# com.ecse429.steps.TodoSteps.createExistingTodos(io.cucumber.datatable.DataTable)&amp#27;[0m
    | title     |
    | Temp Task |
  &amp#27;[32mGiven &amp#27;[0m&amp#27;[32mI delete the todo with title &amp#27;[0m&amp#27;[32m&amp#27;[1m"Temp Task"&amp#27;[0m              &amp#27;[90m# com.ecse429.steps.TodoSteps.deleteByTitle(java.lang.String)&amp#27;[0m
  &amp#27;[32mWhen &amp#27;[0m&amp#27;[32mI delete the todo with title &amp#27;[0m&amp#27;[32m&amp#27;[1m"Temp Task"&amp#27;[0m&amp#27;[32m again&amp#27;[0m         &amp#27;[90m# com.ecse429.steps.TodoSteps.deleteSameTodoAgain(java.lang.String)&amp#27;[0m
  &amp#27;[32mThen &amp#27;[0m&amp#27;[32mthe response status code should be &amp#27;[0m&amp#27;[32m&amp#27;[1m404&amp#27;[0m                 &amp#27;[90m# com.ecse429.steps.TodoSteps.verifyStatusCode(int)&amp#27;[0m
]]></system-out>
  </testcase>
  <testcase name="Example #1.1" classname="Examples" time="0.047">
    <system-out><![CDATA[
Scenario Outline: Delete with invalid ID (Error Flow) &amp#27;[90m# features/delete_todo.feature:37&amp#27;[0m
  &amp#27;[32mGiven &amp#27;[0m&amp#27;[32mthe todo service is running&amp#27;[0m                   &amp#27;[90m# com.ecse429.steps.TodoSteps.serviceRunning()&amp#27;[0m
  &amp#27;[32mAnd &amp#27;[0m&amp#27;[32mthe following todos exist in the system:&amp#27;[0m        &amp#27;[90m# com.ecse429.steps.TodoSteps.createExistingTodos(io.cucumber.datatable.DataTable)&amp#27;[0m
    | title     |
    | Temp Task |
  &amp#27;[32mWhen &amp#27;[0m&amp#27;[32mI delete the todo with ID &amp#27;[0m&amp#27;[32m&amp#27;[1m"invalid"&amp#27;[0m            &amp#27;[90m# com.ecse429.steps.TodoSteps.deleteById(java.lang.String)&amp#27;[0m
  &amp#27;[32mThen &amp#27;[0m&amp#27;[32mthe response status code should be &amp#27;[0m&amp#27;[32m&amp#27;[1m404&amp#27;[0m         &amp#27;[90m# com.ecse429.steps.TodoSteps.verifyStatusCode(int)&amp#27;[0m
]]></system-out>
  </testcase>
  <testcase name="Example #1.1" classname="Examples" time="0.063">
    <system-out><![CDATA[
Scenario Outline: Add a category to an existing todo (Normal Flow)                  &amp#27;[90m# features/relationships.feature:20&amp#27;[0m
  &amp#27;[32mGiven &amp#27;[0m&amp#27;[32mthe todo service is running&amp#27;[0m                                                 &amp#27;[90m# com.ecse429.steps.TodoSteps.serviceRunning()&amp#27;[0m
  &amp#27;[32mGiven &amp#27;[0m&amp#27;[32mthe following todos exist in the system:&amp#27;[0m                                    &amp#27;[90m# com.ecse429.steps.TodoSteps.createExistingTodos(io.cucumber.datatable.DataTable)&amp#27;[0m
    | title            |
    | ECSE429_REL_TODO |
  &amp#27;[32mWhen &amp#27;[0m&amp#27;[32mI add a new category with title &amp#27;[0m&amp#27;[32m&amp#27;[1m"ECSE429_REL_CAT"&amp#27;[0m&amp#27;[32m to todo &amp#27;[0m&amp#27;[32m&amp#27;[1m"ECSE429_REL_TODO"&amp#27;[0m &amp#27;[90m# com.ecse429.steps.TodoSteps.addNewCategoryToTodo(java.lang.String,java.lang.String)&amp#27;[0m
  &amp#27;[32mThen &amp#27;[0m&amp#27;[32mthe response status code should be &amp#27;[0m&amp#27;[32m&amp#27;[1m201&amp#27;[0m                                       &amp#27;[90m# com.ecse429.steps.TodoSteps.verifyStatusCode(int)&amp#27;[0m
  &amp#27;[32mAnd &amp#27;[0m&amp#27;[32mthe response should contain title &amp#27;[0m&amp#27;[32m&amp#27;[1m"ECSE429_REL_CAT"&amp#27;[0m                           &amp#27;[90m# com.ecse429.steps.TodoSteps.verifyTitle(java.lang.String)&amp#27;[0m
]]></system-out>
  </testcase>
  <testcase name="Example #1.1" classname="Examples" time="0.076">
    <system-out><![CDATA[
Scenario Outline: View categories for a todo (Alternate Flow)                      &amp#27;[90m# features/relationships.feature:34&amp#27;[0m
  &amp#27;[32mGiven &amp#27;[0m&amp#27;[32mthe todo service is running&amp#27;[0m                                                &amp#27;[90m# com.ecse429.steps.TodoSteps.serviceRunning()&amp#27;[0m
  &amp#27;[32mGiven &amp#27;[0m&amp#27;[32mthe following todos exist in the system:&amp#27;[0m                                   &amp#27;[90m# com.ecse429.steps.TodoSteps.createExistingTodos(io.cucumber.datatable.DataTable)&amp#27;[0m
    | title            |
    | ECSE429_REL_TODO |
  &amp#27;[32mAnd &amp#27;[0m&amp#27;[32mI add a new category with title &amp#27;[0m&amp#27;[32m&amp#27;[1m"ECSE429_REL_CAT"&amp#27;[0m&amp#27;[32m to todo &amp#27;[0m&amp#27;[32m&amp#27;[1m"ECSE429_REL_TODO"&amp#27;[0m &amp#27;[90m# com.ecse429.steps.TodoSteps.addNewCategoryToTodo(java.lang.String,java.lang.String)&amp#27;[0m
  &amp#27;[32mWhen &amp#27;[0m&amp#27;[32mI request categories for todo &amp#27;[0m&amp#27;[32m&amp#27;[1m"ECSE429_REL_TODO"&amp#27;[0m                            &amp#27;[90m# com.ecse429.steps.TodoSteps.i_request_categories_for_todo(java.lang.String)&amp#27;[0m
  &amp#27;[32mThen &amp#27;[0m&amp#27;[32mthe response status code should be &amp#27;[0m&amp#27;[32m&amp#27;[1m200&amp#27;[0m                                      &amp#27;[90m# com.ecse429.steps.TodoSteps.verifyStatusCode(int)&amp#27;[0m
  &amp#27;[32mAnd &amp#27;[0m&amp#27;[32mthe response should contain category &amp#27;[0m&amp#27;[32m&amp#27;[1m"ECSE429_REL_CAT"&amp#27;[0m                       &amp#27;[90m# com.ecse429.steps.TodoSteps.responseShouldContainCategory(java.lang.String)&amp#27;[0m
]]></system-out>
  </testcase>
  <testcase name="Example #1.1" classname="Examples" time="0.074">
    <system-out><![CDATA[
Scenario Outline: Add a category with invalid data (Error Flow)                 &amp#27;[90m# features/relationships.feature:47&amp#27;[0m
  &amp#27;[32mGiven &amp#27;[0m&amp#27;[32mthe todo service is running&amp#27;[0m                                             &amp#27;[90m# com.ecse429.steps.TodoSteps.serviceRunning()&amp#27;[0m
  &amp#27;[32mGiven &amp#27;[0m&amp#27;[32mthe following todos exist in the system:&amp#27;[0m                                &amp#27;[90m# com.ecse429.steps.TodoSteps.createExistingTodos(io.cucumber.datatable.DataTable)&amp#27;[0m
    | title            |
    | ECSE429_REL_TODO |
  &amp#27;[32mWhen &amp#27;[0m&amp#27;[32mI attempt to add a category &amp#27;[0m&amp#27;[32m&amp#27;[1m"without a title"&amp#27;[0m&amp#27;[32m to todo &amp#27;[0m&amp#27;[32m&amp#27;[1m"ECSE429_REL_TODO"&amp#27;[0m &amp#27;[90m# com.ecse429.steps.TodoSteps.attemptInvalidCategory(java.lang.String,java.lang.String)&amp#27;[0m
  &amp#27;[32mThen &amp#27;[0m&amp#27;[32mthe response status code should be &amp#27;[0m&amp#27;[32m&amp#27;[1m400&amp#27;[0m                                   &amp#27;[90m# com.ecse429.steps.TodoSteps.verifyStatusCode(int)&amp#27;[0m
  &amp#27;[32mAnd &amp#27;[0m&amp#27;[32mthe response should contain error message &amp#27;[0m&amp#27;[32m&amp#27;[1m"title : field is mandatory"&amp#27;[0m    &amp#27;[90m# com.ecse429.steps.TodoSteps.verifyError(java.lang.String)&amp#27;[0m
]]></system-out>
  </testcase>
  <testcase name="Example #1.1" classname="Examples" time="0.077">
    <system-out><![CDATA[
Scenario Outline: Create a task under a project (Normal Flow)                            &amp#27;[90m# features/relationships.feature:63&amp#27;[0m
  &amp#27;[32mGiven &amp#27;[0m&amp#27;[32mthe todo service is running&amp#27;[0m                                                      &amp#27;[90m# com.ecse429.steps.TodoSteps.serviceRunning()&amp#27;[0m
  &amp#27;[32mGiven &amp#27;[0m&amp#27;[32mthe following projects exist in the system:&amp#27;[0m                                      &amp#27;[90m# com.ecse429.steps.TodoSteps.createExistingProjects(io.cucumber.datatable.DataTable)&amp#27;[0m
    | title               |
    | ECSE429_REL_PROJECT |
  &amp#27;[32mWhen &amp#27;[0m&amp#27;[32mI create a todo with title &amp#27;[0m&amp#27;[32m&amp#27;[1m"ECSE429_REL_TASK"&amp#27;[0m&amp#27;[32m under project &amp#27;[0m&amp#27;[32m&amp#27;[1m"ECSE429_REL_PROJECT"&amp#27;[0m &amp#27;[90m# com.ecse429.steps.TodoSteps.createTodoUnderProject(java.lang.String,java.lang.String)&amp#27;[0m
  &amp#27;[32mThen &amp#27;[0m&amp#27;[32mthe response status code should be &amp#27;[0m&amp#27;[32m&amp#27;[1m201&amp#27;[0m                                            &amp#27;[90m# com.ecse429.steps.TodoSteps.verifyStatusCode(int)&amp#27;[0m
  &amp#27;[32mAnd &amp#27;[0m&amp#27;[32mthe response should contain title &amp#27;[0m&amp#27;[32m&amp#27;[1m"ECSE429_REL_TASK"&amp#27;[0m                               &amp#27;[90m# com.ecse429.steps.TodoSteps.verifyTitle(java.lang.String)&amp#27;[0m
]]></system-out>
  </testcase>
  <testcase name="Example #1.1" classname="Examples" time="0.08">
    <system-out><![CDATA[
Scenario Outline: View all tasks for a project (Alternate Flow)                         &amp#27;[90m# features/relationships.feature:77&amp#27;[0m
  &amp#27;[32mGiven &amp#27;[0m&amp#27;[32mthe todo service is running&amp#27;[0m                                                     &amp#27;[90m# com.ecse429.steps.TodoSteps.serviceRunning()&amp#27;[0m
  &amp#27;[32mGiven &amp#27;[0m&amp#27;[32mthe following projects exist in the system:&amp#27;[0m                                     &amp#27;[90m# com.ecse429.steps.TodoSteps.createExistingProjects(io.cucumber.datatable.DataTable)&amp#27;[0m
    | title               |
    | ECSE429_REL_PROJECT |
  &amp#27;[32mAnd &amp#27;[0m&amp#27;[32mI create a todo with title &amp#27;[0m&amp#27;[32m&amp#27;[1m"ECSE429_REL_TASK"&amp#27;[0m&amp#27;[32m under project &amp#27;[0m&amp#27;[32m&amp#27;[1m"ECSE429_REL_PROJECT"&amp#27;[0m &amp#27;[90m# com.ecse429.steps.TodoSteps.createTodoUnderProject(java.lang.String,java.lang.String)&amp#27;[0m
  &amp#27;[32mWhen &amp#27;[0m&amp#27;[32mI request tasks for project &amp#27;[0m&amp#27;[32m&amp#27;[1m"ECSE429_REL_PROJECT"&amp#27;[0m                                &amp#27;[90m# com.ecse429.steps.TodoSteps.requestTasksForProject(java.lang.String)&amp#27;[0m
  &amp#27;[32mThen &amp#27;[0m&amp#27;[32mthe response status code should be &amp#27;[0m&amp#27;[32m&amp#27;[1m200&amp#27;[0m                                           &amp#27;[90m# com.ecse429.steps.TodoSteps.verifyStatusCode(int)&amp#27;[0m
  &amp#27;[32mAnd &amp#27;[0m&amp#27;[32mthe response should contain title &amp#27;[0m&amp#27;[32m&amp#27;[1m"ECSE429_REL_TASK"&amp#27;[0m                              &amp#27;[90m# com.ecse429.steps.TodoSteps.verifyTitle(java.lang.String)&amp#27;[0m
]]></system-out>
  </testcase>
  <testcase name="Example #1.1" classname="Examples" time="0.084">
    <system-out><![CDATA[
Scenario Outline: Attempt to add project task with ID (Error Flow)                              &amp#27;[90m# features/relationships.feature:90&amp#27;[0m
  &amp#27;[32mGiven &amp#27;[0m&amp#27;[32mthe todo service is running&amp#27;[0m                                                             &amp#27;[90m# com.ecse429.steps.TodoSteps.serviceRunning()&amp#27;[0m
  &amp#27;[32mGiven &amp#27;[0m&amp#27;[32mthe following projects exist in the system:&amp#27;[0m                                             &amp#27;[90m# com.ecse429.steps.TodoSteps.createExistingProjects(io.cucumber.datatable.DataTable)&amp#27;[0m
    | title               |
    | ECSE429_REL_PROJECT |
  &amp#27;[32mWhen &amp#27;[0m&amp#27;[32mI attempt to add an existing todo with id &amp#27;[0m&amp#27;[32m&amp#27;[1m"1"&amp#27;[0m&amp#27;[32m as a task to project &amp#27;[0m&amp#27;[32m&amp#27;[1m"ECSE429_REL_PROJECT"&amp#27;[0m &amp#27;[90m# com.ecse429.steps.TodoSteps.attemptAddTodoWithIdToProject(java.lang.String,java.lang.String)&amp#27;[0m
  &amp#27;[32mThen &amp#27;[0m&amp#27;[32mthe response status code should be &amp#27;[0m&amp#27;[32m&amp#27;[1m400&amp#27;[0m                                                   &amp#27;[90m# com.ecse429.steps.TodoSteps.verifyStatusCode(int)&amp#27;[0m
  &amp#27;[32mAnd &amp#27;[0m&amp#27;[32mthe response should contain error message &amp#27;[0m&amp#27;[32m&amp#27;[1m"Not allowed to create with id"&amp#27;[0m                 &amp#27;[90m# com.ecse429.steps.TodoSteps.verifyError(java.lang.String)&amp#27;[0m
]]></system-out>
  </testcase>
  <testcase name="Example #1.1" classname="Examples" time="0.083">
    <system-out><![CDATA[
Scenario Outline: Mark todo as done (Normal Flow)                &amp#27;[90m# features/update_todo.feature:18&amp#27;[0m
  &amp#27;[32mGiven &amp#27;[0m&amp#27;[32mthe todo service is running&amp#27;[0m                              &amp#27;[90m# com.ecse429.steps.TodoSteps.serviceRunning()&amp#27;[0m
  &amp#27;[32mAnd &amp#27;[0m&amp#27;[32mthe following todos exist in the system:&amp#27;[0m                   &amp#27;[90m# com.ecse429.steps.TodoSteps.createExistingTodos(io.cucumber.datatable.DataTable)&amp#27;[0m
    | title       | doneStatus |
    | Office Work | false      |
  &amp#27;[32mWhen &amp#27;[0m&amp#27;[32mI update the todo &amp#27;[0m&amp#27;[32m&amp#27;[1m"Office Work"&amp#27;[0m&amp#27;[32m to have doneStatus &amp#27;[0m&amp#27;[32m&amp#27;[1m"true"&amp#27;[0m &amp#27;[90m# com.ecse429.steps.TodoSteps.updateTodoDoneStatus(java.lang.String,java.lang.String)&amp#27;[0m
  &amp#27;[32mThen &amp#27;[0m&amp#27;[32mthe response status code should be &amp#27;[0m&amp#27;[32m&amp#27;[1m200&amp#27;[0m                    &amp#27;[90m# com.ecse429.steps.TodoSteps.verifyStatusCode(int)&amp#27;[0m
  &amp#27;[32mAnd &amp#27;[0m&amp#27;[32mthe todo &amp#27;[0m&amp#27;[32m&amp#27;[1m"Office Work"&amp#27;[0m&amp#27;[32m should have status &amp#27;[0m&amp#27;[32m&amp#27;[1m"true"&amp#27;[0m           &amp#27;[90m# com.ecse429.steps.TodoSteps.todoShouldHaveStatus(java.lang.String,java.lang.String)&amp#27;[0m
]]></system-out>
  </testcase>
  <testcase name="Example #1.1" classname="Examples" time="0.072">
    <system-out><![CDATA[
Scenario Outline: Rename an existing todo (Alternate Flow) &amp#27;[90m# features/update_todo.feature:28&amp#27;[0m
  &amp#27;[32mGiven &amp#27;[0m&amp#27;[32mthe todo service is running&amp#27;[0m                        &amp#27;[90m# com.ecse429.steps.TodoSteps.serviceRunning()&amp#27;[0m
  &amp#27;[32mAnd &amp#27;[0m&amp#27;[32mthe following todos exist in the system:&amp#27;[0m             &amp#27;[90m# com.ecse429.steps.TodoSteps.createExistingTodos(io.cucumber.datatable.DataTable)&amp#27;[0m
    | title       | doneStatus |
    | Office Work | false      |
  &amp#27;[32mWhen &amp#27;[0m&amp#27;[32mI change the title of &amp#27;[0m&amp#27;[32m&amp#27;[1m"Office Work"&amp#27;[0m&amp#27;[32m to &amp#27;[0m&amp#27;[32m&amp#27;[1m"Home Work"&amp#27;[0m  &amp#27;[90m# com.ecse429.steps.TodoSteps.changeTodoTitle(java.lang.String,java.lang.String)&amp#27;[0m
  &amp#27;[32mThen &amp#27;[0m&amp#27;[32mthe response status code should be &amp#27;[0m&amp#27;[32m&amp#27;[1m200&amp#27;[0m              &amp#27;[90m# com.ecse429.steps.TodoSteps.verifyStatusCode(int)&amp#27;[0m
  &amp#27;[32mAnd &amp#27;[0m&amp#27;[32mthe response should contain title &amp#27;[0m&amp#27;[32m&amp#27;[1m"Home Work"&amp#27;[0m        &amp#27;[90m# com.ecse429.steps.TodoSteps.verifyTitle(java.lang.String)&amp#27;[0m
]]></system-out>
  </testcase>
  <testcase name="Example #1.1" classname="Examples" time="0.047">
    <system-out><![CDATA[
Scenario Outline: Update invalid todo (Error Flow)           &amp#27;[90m# features/update_todo.feature:37&amp#27;[0m
  &amp#27;[32mGiven &amp#27;[0m&amp#27;[32mthe todo service is running&amp#27;[0m                          &amp#27;[90m# com.ecse429.steps.TodoSteps.serviceRunning()&amp#27;[0m
  &amp#27;[32mAnd &amp#27;[0m&amp#27;[32mthe following todos exist in the system:&amp#27;[0m               &amp#27;[90m# com.ecse429.steps.TodoSteps.createExistingTodos(io.cucumber.datatable.DataTable)&amp#27;[0m
    | title       | doneStatus |
    | Office Work | false      |
  &amp#27;[32mWhen &amp#27;[0m&amp#27;[32mI try to update todo with ID &amp#27;[0m&amp#27;[32m&amp#27;[1m"12345"&amp#27;[0m&amp#27;[32m to title &amp#27;[0m&amp#27;[32m&amp#27;[1m"Ghost"&amp#27;[0m &amp#27;[90m# com.ecse429.steps.TodoSteps.tryUpdateNonexistentTodo(java.lang.String,java.lang.String)&amp#27;[0m
  &amp#27;[32mThen &amp#27;[0m&amp#27;[32mthe response status code should be &amp#27;[0m&amp#27;[32m&amp#27;[1m404&amp#27;[0m                &amp#27;[90m# com.ecse429.steps.TodoSteps.verifyStatusCode(int)&amp#27;[0m
]]></system-out>
  </testcase>
  <testcase name="Example #1.1" classname="Examples" time="0.053">
    <system-out><![CDATA[
Scenario Outline: Retrieve all todos (Normal Flow) &amp#27;[90m# features/view_todos.feature:19&amp#27;[0m
  &amp#27;[32mGiven &amp#27;[0m&amp#27;[32mthe todo service is running&amp#27;[0m                &amp#27;[90m# com.ecse429.steps.TodoSteps.serviceRunning()&amp#27;[0m
  &amp#27;[32mAnd &amp#27;[0m&amp#27;[32mthe following todos exist in the system:&amp#27;[0m     &amp#27;[90m# com.ecse429.steps.TodoSteps.createExistingTodos(io.cucumber.datatable.DataTable)&amp#27;[0m
    | title  | doneStatus |
    | Task 1 | false      |
    | Task 2 | true       |
  &amp#27;[32mWhen &amp#27;[0m&amp#27;[32mI request all todos&amp#27;[0m                         &amp#27;[90m# com.ecse429.steps.TodoSteps.getAllTodos()&amp#27;[0m
  &amp#27;[32mThen &amp#27;[0m&amp#27;[32mthe response status code should be &amp#27;[0m&amp#27;[32m&amp#27;[1m200&amp#27;[0m      &amp#27;[90m# com.ecse429.steps.TodoSteps.verifyStatusCode(int)&amp#27;[0m
  &amp#27;[32mAnd &amp#27;[0m&amp#27;[32mthe response should contain &amp#27;[0m&amp#27;[32m&amp#27;[1m"2"&amp#27;[0m&amp#27;[32m todos&amp#27;[0m        &amp#27;[90m# com.ecse429.steps.TodoSteps.responseShouldContainTodos(java.lang.String)&amp#27;[0m
]]></system-out>
  </testcase>
  <testcase name="Example #1.1" classname="Examples" time="0.065">
    <system-out><![CDATA[
Scenario Outline: Retrieve a specific todo (Alternate Flow) &amp#27;[90m# features/view_todos.feature:29&amp#27;[0m
  &amp#27;[32mGiven &amp#27;[0m&amp#27;[32mthe todo service is running&amp#27;[0m                         &amp#27;[90m# com.ecse429.steps.TodoSteps.serviceRunning()&amp#27;[0m
  &amp#27;[32mAnd &amp#27;[0m&amp#27;[32mthe following todos exist in the system:&amp#27;[0m              &amp#27;[90m# com.ecse429.steps.TodoSteps.createExistingTodos(io.cucumber.datatable.DataTable)&amp#27;[0m
    | title  | doneStatus |
    | Task 1 | false      |
    | Task 2 | true       |
  &amp#27;[32mWhen &amp#27;[0m&amp#27;[32mI request the todo with title &amp#27;[0m&amp#27;[32m&amp#27;[1m"Task 1"&amp#27;[0m               &amp#27;[90m# com.ecse429.steps.TodoSteps.getTodoByTitle(java.lang.String)&amp#27;[0m
  &amp#27;[32mThen &amp#27;[0m&amp#27;[32mthe response status code should be &amp#27;[0m&amp#27;[32m&amp#27;[1m200&amp#27;[0m               &amp#27;[90m# com.ecse429.steps.TodoSteps.verifyStatusCode(int)&amp#27;[0m
  &amp#27;[32mAnd &amp#27;[0m&amp#27;[32mthe response should contain title &amp#27;[0m&amp#27;[32m&amp#27;[1m"Task 1"&amp#27;[0m            &amp#27;[90m# com.ecse429.steps.TodoSteps.verifyTitle(java.lang.String)&amp#27;[0m
]]></system-out>
  </testcase>
  <testcase name="Example #1.1" classname="Examples" time="0.059">
    <system-out><![CDATA[
Scenario Outline: Retrieve non-existent todo (Error Flow)                                     &amp#27;[90m# features/view_todos.feature:39&amp#27;[0m
  &amp#27;[32mGiven &amp#27;[0m&amp#27;[32mthe todo service is running&amp#27;[0m                                                           &amp#27;[90m# com.ecse429.steps.TodoSteps.serviceRunning()&amp#27;[0m
  &amp#27;[32mAnd &amp#27;[0m&amp#27;[32mthe following todos exist in the system:&amp#27;[0m                                                &amp#27;[90m# com.ecse429.steps.TodoSteps.createExistingTodos(io.cucumber.datatable.DataTable)&amp#27;[0m
    | title  | doneStatus |
    | Task 1 | false      |
    | Task 2 | true       |
  &amp#27;[32mWhen &amp#27;[0m&amp#27;[32mI request a todo with invalid ID &amp#27;[0m&amp#27;[32m&amp#27;[1m"99999"&amp#27;[0m                                               &amp#27;[90m# com.ecse429.steps.TodoSteps.requestTodoWithInvalidId(java.lang.String)&amp#27;[0m
  &amp#27;[32mThen &amp#27;[0m&amp#27;[32mthe response status code should be &amp#27;[0m&amp#27;[32m&amp#27;[1m404&amp#27;[0m                                                 &amp#27;[90m# com.ecse429.steps.TodoSteps.verifyStatusCode(int)&amp#27;[0m
  &amp#27;[32mAnd &amp#27;[0m&amp#27;[32mthe response should contain error message &amp#27;[0m&amp#27;[32m&amp#27;[1m"Could not find an instance with todos/99999"&amp#27;[0m &amp#27;[90m# com.ecse429.steps.TodoSteps.verifyError(java.lang.String)&amp#27;[0m
]]></system-out>
  </testcase>
  <testcase name="Example #1.2" classname="Examples" time="0.08">
    <system-out><![CDATA[
Scenario Outline: Create a valid todo (Normal Flow)                                &amp#27;[90m# features/create_todo.feature:17&amp#27;[0m
  &amp#27;[32mGiven &amp#27;[0m&amp#27;[32mthe todo service is running&amp#27;[0m                                                &amp#27;[90m# com.ecse429.steps.TodoSteps.serviceRunning()&amp#27;[0m
  &amp#27;[32mWhen &amp#27;[0m&amp#27;[32mI create a todo with title &amp#27;[0m&amp#27;[32m&amp#27;[1m"ECSE 429"&amp#27;[0m&amp#27;[32m and description &amp#27;[0m&amp#27;[32m&amp#27;[1m"Finish assignment 1"&amp#27;[0m &amp#27;[90m# com.ecse429.steps.TodoSteps.createTodo(java.lang.String,java.lang.String)&amp#27;[0m
  &amp#27;[32mThen &amp#27;[0m&amp#27;[32mthe response status code should be &amp#27;[0m&amp#27;[32m&amp#27;[1m201&amp#27;[0m                                      &amp#27;[90m# com.ecse429.steps.TodoSteps.verifyStatusCode(int)&amp#27;[0m
  &amp#27;[32mAnd &amp#27;[0m&amp#27;[32mthe response should contain title &amp#27;[0m&amp#27;[32m&amp#27;[1m"ECSE 429"&amp#27;[0m                                 &amp#27;[90m# com.ecse429.steps.TodoSteps.verifyTitle(java.lang.String)&amp#27;[0m
  &amp#27;[32mAnd &amp#27;[0m&amp#27;[32mthe todo should exist in the system&amp#27;[0m                                          &amp#27;[90m# com.ecse429.steps.TodoSteps.todoShouldExistInSystem()&amp#27;[0m
]]></system-out>
  </testcase>
  <testcase name="Example #1.2" classname="Examples" time="0.082">
    <system-out><![CDATA[
Scenario Outline: Add a category with invalid data (Error Flow)                 &amp#27;[90m# features/relationships.feature:48&amp#27;[0m
  &amp#27;[32mGiven &amp#27;[0m&amp#27;[32mthe todo service is running&amp#27;[0m                                             &amp#27;[90m# com.ecse429.steps.TodoSteps.serviceRunning()&amp#27;[0m
  &amp#27;[32mGiven &amp#27;[0m&amp#27;[32mthe following todos exist in the system:&amp#27;[0m                                &amp#27;[90m# com.ecse429.steps.TodoSteps.createExistingTodos(io.cucumber.datatable.DataTable)&amp#27;[0m
    | title            |
    | ECSE429_REL_TODO |
  &amp#27;[32mWhen &amp#27;[0m&amp#27;[32mI attempt to add a category &amp#27;[0m&amp#27;[32m&amp#27;[1m"with an id"&amp#27;[0m&amp#27;[32m to todo &amp#27;[0m&amp#27;[32m&amp#27;[1m"ECSE429_REL_TODO"&amp#27;[0m      &amp#27;[90m# com.ecse429.steps.TodoSteps.attemptInvalidCategory(java.lang.String,java.lang.String)&amp#27;[0m
  &amp#27;[32mThen &amp#27;[0m&amp#27;[32mthe response status code should be &amp#27;[0m&amp#27;[32m&amp#27;[1m400&amp#27;[0m                                   &amp#27;[90m# com.ecse429.steps.TodoSteps.verifyStatusCode(int)&amp#27;[0m
  &amp#27;[32mAnd &amp#27;[0m&amp#27;[32mthe response should contain error message &amp#27;[0m&amp#27;[32m&amp#27;[1m"Not allowed to create with id"&amp#27;[0m &amp#27;[90m# com.ecse429.steps.TodoSteps.verifyError(java.lang.String)&amp#27;[0m
]]></system-out>
  </testcase>
</testsuite>